\BOOKMARK [0][-]{chapter*.3}{摘要}{}% 1
\BOOKMARK [0][-]{chapter*.4}{Abstract}{}% 2
\BOOKMARK [0][-]{chapter*.5}{誌謝}{}% 3
\BOOKMARK [0][-]{section*.7}{目錄}{}% 4
\BOOKMARK [0][-]{chapter*.11}{使用符號與定義}{}% 5
\BOOKMARK [0][-]{chapter.1}{緒論}{}% 6
\BOOKMARK [0][-]{chapter.2}{實驗方法及裝置}{}% 7
\BOOKMARK [0][-]{chapter.3}{實驗結果}{}% 8
\BOOKMARK [0][-]{chapter.4}{總結}{}% 9
\BOOKMARK [0][-]{chapter.5}{章名（章節示例）}{}% 10
\BOOKMARK [1][-]{section.5.1}{節名}{chapter.5}% 11
\BOOKMARK [2][-]{subsection.5.1.1}{小節名}{section.5.1}% 12
\BOOKMARK [0][-]{chapter.6}{文字}{}% 13
\BOOKMARK [0][-]{chapter.7}{圖片}{}% 14
\BOOKMARK [1][-]{section.7.1}{插入單一圖片}{chapter.7}% 15
\BOOKMARK [1][-]{section.7.2}{插入多張圖片}{chapter.7}% 16
\BOOKMARK [0][-]{chapter.8}{表格}{}% 17
\BOOKMARK [1][-]{section.8.1}{一般表格}{chapter.8}% 18
\BOOKMARK [1][-]{section.8.2}{自動折行表格}{chapter.8}% 19
\BOOKMARK [0][-]{chapter*.18}{參考文獻}{}% 20
\BOOKMARK [0][-]{appendix.A}{裝置列表}{}% 21
\BOOKMARK [0][-]{appendix.B}{Solutions}{}% 22
\BOOKMARK [1][-]{section.B.1}{The\040solution}{appendix.B}% 23
\BOOKMARK [0][-]{appendix.C}{程式碼}{}% 24
\BOOKMARK [1][-]{section.C.1}{C}{appendix.C}% 25
\BOOKMARK [1][-]{section.C.2}{Matlab}{appendix.C}% 26
\BOOKMARK [1][-]{section.C.3}{IDL}{appendix.C}% 27
