\standalonepreambles
\subpreamble{titlepage.tex}

\endsubpreamble
\subpreamble{abstract_zh.tex}

\endsubpreamble
\subpreamble{abstract_en.tex}

\endsubpreamble
\subpreamble{acknowledgements.tex}

\endsubpreamble
\subpreamble{chapter_introduction.tex}

\endsubpreamble
\subpreamble{chapter_theory.tex}
\usepackage {mathrsfs,amsmath}
\endsubpreamble
\subpreamble{chapter_simulation.tex}
\usepackage {mathrsfs,amsmath}
\endsubpreamble
\subpreamble{chapter_method.tex}

\endsubpreamble
\subpreamble{chapter_result.tex}

\endsubpreamble
\subpreamble{chapter_conclusion.tex}

\endsubpreamble
\subpreamble{bibliography.tex}

\endsubpreamble
\endstandalonepreambles
